0 info it worked if it ends with ok
1 verbose cli [ '/usr/bin/nodejs',
1 verbose cli   '/usr/bin/npm',
1 verbose cli   'install',
1 verbose cli   '--save-dev',
1 verbose cli   'grunt-add',
1 verbose cli   'grunt--A' ]
2 info using npm@1.3.10
3 info using node@v0.10.25
4 verbose cache add [ 'grunt-add', null ]
5 verbose cache add name=undefined spec="grunt-add" args=["grunt-add",null]
6 verbose parsed url { protocol: null,
6 verbose parsed url   slashes: null,
6 verbose parsed url   auth: null,
6 verbose parsed url   host: null,
6 verbose parsed url   port: null,
6 verbose parsed url   hostname: null,
6 verbose parsed url   hash: null,
6 verbose parsed url   search: null,
6 verbose parsed url   query: null,
6 verbose parsed url   pathname: 'grunt-add',
6 verbose parsed url   path: 'grunt-add',
6 verbose parsed url   href: 'grunt-add' }
7 verbose cache add [ 'grunt--A', null ]
8 verbose cache add name=undefined spec="grunt--A" args=["grunt--A",null]
9 verbose parsed url { protocol: null,
9 verbose parsed url   slashes: null,
9 verbose parsed url   auth: null,
9 verbose parsed url   host: null,
9 verbose parsed url   port: null,
9 verbose parsed url   hostname: null,
9 verbose parsed url   hash: null,
9 verbose parsed url   search: null,
9 verbose parsed url   query: null,
9 verbose parsed url   pathname: 'grunt--A',
9 verbose parsed url   path: 'grunt--A',
9 verbose parsed url   href: 'grunt--A' }
10 silly lockFile dab63054-grunt-add grunt-add
11 verbose lock grunt-add /home/steve/.npm/dab63054-grunt-add.lock
12 silly lockFile 3ea1a0e8-grunt-A grunt--A
13 verbose lock grunt--A /home/steve/.npm/3ea1a0e8-grunt-A.lock
14 silly lockFile dab63054-grunt-add grunt-add
15 silly lockFile dab63054-grunt-add grunt-add
16 silly lockFile 3ea1a0e8-grunt-A grunt--A
17 silly lockFile 3ea1a0e8-grunt-A grunt--A
18 verbose addNamed [ 'grunt-add', '' ]
19 verbose addNamed [ null, '*' ]
20 silly lockFile 87f743dc-grunt-add grunt-add@
21 verbose lock grunt-add@ /home/steve/.npm/87f743dc-grunt-add.lock
22 verbose addNamed [ 'grunt--A', '' ]
23 verbose addNamed [ null, '*' ]
24 silly lockFile d7086dee-grunt-A grunt--A@
25 verbose lock grunt--A@ /home/steve/.npm/d7086dee-grunt-A.lock
26 silly addNameRange { name: 'grunt-add', range: '*', hasData: false }
27 silly addNameRange { name: 'grunt--A', range: '*', hasData: false }
28 verbose url raw grunt-add
29 verbose url resolving [ 'https://registry.npmjs.org/', './grunt-add' ]
30 verbose url resolved https://registry.npmjs.org/grunt-add
31 info trying registry request attempt 1 at 11:32:13
32 http GET https://registry.npmjs.org/grunt-add
33 verbose url raw grunt--A
34 verbose url resolving [ 'https://registry.npmjs.org/', './grunt--A' ]
35 verbose url resolved https://registry.npmjs.org/grunt--A
36 info trying registry request attempt 1 at 11:32:13
37 http GET https://registry.npmjs.org/grunt--A
38 http 404 https://registry.npmjs.org/grunt-add
39 silly registry.get cb [ 404,
39 silly registry.get   { date: 'Mon, 16 Jun 2014 15:32:13 GMT',
39 silly registry.get     server: 'CouchDB/1.5.0 (Erlang OTP/R16B03)',
39 silly registry.get     'content-type': 'application/json',
39 silly registry.get     'cache-control': 'max-age=0',
39 silly registry.get     'content-length': '52',
39 silly registry.get     'accept-ranges': 'bytes',
39 silly registry.get     via: '1.1 varnish',
39 silly registry.get     age: '0',
39 silly registry.get     'x-served-by': 'cache-jfk1028-JFK',
39 silly registry.get     'x-cache': 'MISS',
39 silly registry.get     'x-cache-hits': '0',
39 silly registry.get     'x-timer': 'S1402932733.499040,VS0,VE27',
39 silly registry.get     'keep-alive': 'timeout=10, max=50',
39 silly registry.get     connection: 'Keep-Alive' } ]
40 silly lockFile 87f743dc-grunt-add grunt-add@
41 silly lockFile 87f743dc-grunt-add grunt-add@
42 error 404 'grunt-add' is not in the npm registry.
42 error 404 You should bug the author to publish it
42 error 404
42 error 404 Note that you can also install from a
42 error 404 tarball, folder, or http url, or git url.
43 error System Linux 3.13.0-29-generic
44 error command "/usr/bin/nodejs" "/usr/bin/npm" "install" "--save-dev" "grunt-add" "grunt--A"
45 error cwd /home/steve/Documents/GitHub/QUICCWeb
46 error node -v v0.10.25
47 error npm -v 1.3.10
48 error code E404
49 verbose exit [ 1, true ]
